<?xml version="1.0" encoding="UTF-8"?>
<!-- Generated by org.testng.reporters.JUnitXMLReporter -->
<testsuite hostname="DESKTOP-42HQLTV" ignored="0" name="Test" tests="5" failures="0" timestamp="06 Aug 2020 16:26:11 GMT" time="1.9" errors="0">
  <testcase name="TC1" time="1.722" classname="org.testing.testscripts.PostRequestTC"/>
  <testcase name="TC5" time="0.041" classname="org.testing.testscripts.DeleteRequestTC"/>
  <testcase name="TC2" time="0.025" classname="org.testing.testscripts.GetRequestTC"/>
  <testcase name="TC6" time="0.04" classname="org.testing.testscripts.PatchRequestTC"/>
  <testcase name="TC4" time="0.023" classname="org.testing.testscripts.PutRequestTC"/>
</testsuite> <!-- Test -->
